<?xml version="1.0" encoding="UTF-8"?>
<testsuite name="com.parkinglot.ParkingLotTest" tests="1" skipped="0" failures="0" errors="0" timestamp="2021-11-09T16:26:05" hostname="LAPTOP-V004507B" time="0.016">
  <properties/>
  <testcase name="givenAvehivle_whenAlreadyPark_shouldNotBeAbleToPark()" classname="com.parkinglot.ParkingLotTest" time="0.016"/>
  <system-out><![CDATA[]]></system-out>
  <system-err><![CDATA[]]></system-err>
</testsuite>
