<?xml version="1.0" encoding="UTF-8"?>
<testsuite name="com.parkinglot.ParkingLotSystemTestCase" tests="1" skipped="0" failures="0" errors="0" timestamp="2021-11-15T04:07:23" hostname="LAPTOP-V004507B" time="0.021">
  <properties/>
  <testcase name="givenWhenParkingLotIsFull_shouldInformTheSecurityPerson()" classname="com.parkinglot.ParkingLotSystemTestCase" time="0.021"/>
  <system-out><![CDATA[]]></system-out>
  <system-err><![CDATA[]]></system-err>
</testsuite>
