<?xml version="1.0" encoding="UTF-8"?>
<testsuite name="com.parkinglot.ParkingLotTest" tests="1" skipped="0" failures="0" errors="0" timestamp="2021-11-19T07:58:22" hostname="LAPTOP-V004507B" time="0.027">
  <properties/>
  <testcase name="givenANullVehicle_WhenUnParked_ShouldThrowException()" classname="com.parkinglot.ParkingLotTest" time="0.027"/>
  <system-out><![CDATA[]]></system-out>
  <system-err><![CDATA[]]></system-err>
</testsuite>
