<?xml version="1.0" encoding="UTF-8"?>
<testsuite name="com.parkinglot.ParkingLotTest" tests="2" skipped="0" failures="0" errors="0" timestamp="2021-11-09T16:08:25" hostname="LAPTOP-V004507B" time="0.029">
  <properties/>
  <testcase name="givenVehicle_whenUnpark_shouldReturnTrue()" classname="com.parkinglot.ParkingLotTest" time="0.026"/>
  <testcase name="givenVehicle_whenParked_shouldReturnTrue()" classname="com.parkinglot.ParkingLotTest" time="0.001"/>
  <system-out><![CDATA[]]></system-out>
  <system-err><![CDATA[]]></system-err>
</testsuite>
