<?xml version="1.0" encoding="UTF-8"?>
<testsuite name="com.parkinglot.ParkingLotSystemTest" tests="12" skipped="1" failures="0" errors="0" timestamp="2021-11-15T12:48:09" hostname="LAPTOP-V004507B" time="0.041">
  <properties/>
  <testcase name="givenAVehicleToAttendant_WhenParked_ThenCheckIfParked_ShouldReturnTrue()" classname="com.parkinglot.ParkingLotSystemTest" time="0.015"/>
  <testcase name="givenVehicles_WhenParkingLotIsFull_ShouldInformTheAirportSecurity()" classname="com.parkinglot.ParkingLotSystemTest" time="0.003"/>
  <testcase name="givenVehicles_WhenParkingLotHasSpaceAgain_ShouldInformTheOwner()" classname="com.parkinglot.ParkingLotSystemTest" time="0.003"/>
  <testcase name="givenAVehicle_WhenParked_ShouldReturnTrue()" classname="com.parkinglot.ParkingLotSystemTest" time="0.001"/>
  <testcase name="givenAVehicle_WhenParked_ThenCheckForPosition_ShouldReturnPosition()" classname="com.parkinglot.ParkingLotSystemTest" time="0.001"/>
  <testcase name="givenAVehicle_WhenCheckingIfParkingLotIsFull_ShouldReturnFalse()" classname="com.parkinglot.ParkingLotSystemTest" time="0.002"/>
  <testcase name="givenAVehicle_WhenAlreadyParkedAndCheckIfUnpark_ShouldReturnFalse()" classname="com.parkinglot.ParkingLotSystemTest" time="0.002"/>
  <testcase name="givenANullVehicle_WhenUnParked_ShouldThrowException()" classname="com.parkinglot.ParkingLotSystemTest" time="0.002"/>
  <testcase name="givenAVehicle_WhenParkingLotIsFull_ShouldRedirectToAirportSecurityStaff()" classname="com.parkinglot.ParkingLotSystemTest" time="0.001"/>
  <testcase name="givenMessage_ShouldPrintWelcomeMessage()" classname="com.parkinglot.ParkingLotSystemTest" time="0.0">
    <skipped/>
  </testcase>
  <testcase name="givenVehicles_WhenParkingLotIsFull_ShouldInformTheOwner()" classname="com.parkinglot.ParkingLotSystemTest" time="0.001"/>
  <testcase name="givenAVehicle_WhenParked_ThenCheckTimeOfParking_ShouldReturnParkingTime()" classname="com.parkinglot.ParkingLotSystemTest" time="0.001"/>
  <system-out><![CDATA[****************** welcome to parking lot system *******************************
cleaning up.............
cleaning up.............
cleaning up.............
cleaning up.............
cleaning up.............
cleaning up.............
cleaning up.............
cleaning up.............
cleaning up.............
cleaning up.............
cleaning up.............
********************** End of programme ******************************
]]></system-out>
  <system-err><![CDATA[]]></system-err>
</testsuite>
